<?xml version="1.0" encoding="UTF-8"?>
<coverage generated="1789175347754" clover="3.2.0">
  <project timestamp="1789175347754" name="All files">
    <metrics statements="5" coveredstatements="5" conditionals="8" coveredconditionals="8" methods="3" coveredmethods="3" elements="16" coveredelements="16" complexity="0" loc="5" ncloc="5" packages="1" files="1" classes="1"/>
    <file name="utils.js" path="C:\Users\julsc\lab5\devsecops-pipeline-lab\src\utils.js">
      <metrics statements="5" coveredstatements="5" conditionals="8" coveredconditionals="8" methods="3" coveredmethods="3"/>
      <line num="2" count="1" type="stmt"/>
      <line num="6" count="2" type="cond" truecount="4" falsecount="0"/>
      <line num="7" count="1" type="stmt"/>
      <line num="11" count="2" type="cond" truecount="2" falsecount="0"/>
      <line num="14" count="1" type="stmt"/>
    </file>
  </project>
</coverage>
